d:\projects\iapwrapper\win32project\x64\debug\win32project.pch
d:\projects\iapwrapper\win32project\x64\debug\vc141.pdb
d:\projects\iapwrapper\win32project\x64\debug\vc141.idb
d:\projects\iapwrapper\win32project\x64\debug\stdafx.obj
d:\projects\iapwrapper\win32project\x64\debug\win32project.obj
d:\projects\iapwrapper\x64\debug\win32project.ilk
d:\projects\iapwrapper\x64\debug\win32project.exe
d:\projects\iapwrapper\x64\debug\win32project.pdb
d:\projects\iapwrapper\win32project\x64\debug\win32project.res
d:\projects\iapwrapper\x64\debug\iapwrapper.dll
d:\projects\iapwrapper\x64\debug\iapwrapper.pdb
d:\projects\iapwrapper\win32project\x64\debug\win32project.vcxprojresolveassemblyreference.cache
d:\projects\iapwrapper\win32project\x64\debug\win32project.tlog\cl.command.1.tlog
d:\projects\iapwrapper\win32project\x64\debug\win32project.tlog\cl.read.1.tlog
d:\projects\iapwrapper\win32project\x64\debug\win32project.tlog\cl.write.1.tlog
d:\projects\iapwrapper\win32project\x64\debug\win32project.tlog\link.command.1.tlog
d:\projects\iapwrapper\win32project\x64\debug\win32project.tlog\link.read.1.tlog
d:\projects\iapwrapper\win32project\x64\debug\win32project.tlog\link.write.1.tlog
d:\projects\iapwrapper\win32project\x64\debug\win32project.tlog\rc.command.1.tlog
d:\projects\iapwrapper\win32project\x64\debug\win32project.tlog\rc.read.1.tlog
d:\projects\iapwrapper\win32project\x64\debug\win32project.tlog\rc.write.1.tlog
d:\projects\iapwrapper\win32project\x64\debug\win32project.tlog\win32project.write.1u.tlog
